<?xml version="1.0" encoding="UTF-8"?>
<!-- Generated by org.testng.reporters.JUnitReportReporter -->
<testsuite hostname="LAPTOP-57PQCLD8" failures="0" tests="1" name="kdf.Application" time="25.671" errors="0" timestamp="2020-12-09T07:55:53 EST" skipped="0">
  <testcase classname="kdf.Application" name="verifyInvalidLogin" time="25.671"/>
</testsuite> <!-- kdf.Application -->
