<?xml version="1.0" encoding="UTF-8"?>
<!-- Generated by org.testng.reporters.JUnitReportReporter -->
<testsuite hostname="LAPTOP-57PQCLD8" failures="0" tests="1" name="com.websecurity.zero.TestScripts.VerifyFundTransferTest" time="10.081" errors="0" timestamp="2020-12-05T06:19:52 EST" skipped="0">
  <testcase classname="com.websecurity.zero.TestScripts.VerifyFundTransferTest" name="vFundTransfer" time="10.081"/>
</testsuite> <!-- com.websecurity.zero.TestScripts.VerifyFundTransferTest -->
